0 info it worked if it ends with ok
1 verbose cli [ '/usr/local/bin/node-v6.9.1-linux-x64/bin/node',
1 verbose cli   '/usr/local/bin/node-v6.9.1-linux-x64/bin/npm',
1 verbose cli   'start' ]
2 info using npm@3.10.8
3 info using node@v6.9.1
4 verbose run-script [ 'prestart', 'start', 'poststart' ]
5 info lifecycle tannerwest@1.0.0~prestart: tannerwest@1.0.0
6 silly lifecycle tannerwest@1.0.0~prestart: no script for prestart, continuing
7 info lifecycle tannerwest@1.0.0~start: tannerwest@1.0.0
8 verbose lifecycle tannerwest@1.0.0~start: unsafe-perm in lifecycle true
9 verbose lifecycle tannerwest@1.0.0~start: PATH: /usr/local/bin/node-v6.9.1-linux-x64/lib/node_modules/npm/bin/node-gyp-bin:/home/tanner/Projects/hipster-blog/node_modules/.bin:/home/tanner/bin:/home/tanner/.local/bin:/usr/local/bin/node-v6.9.1-linux-x64/bin:/usr/local/bin/mongodb-linux-x86_64-ubuntu1604-3.2.10/bin:/usr/local/bin/sublime_text_3:/usr/local/sbin:/usr/local/bin:/usr/sbin:/usr/bin:/sbin:/bin:/usr/games:/usr/local/games:/snap/bin
10 verbose lifecycle tannerwest@1.0.0~start: CWD: /home/tanner/Projects/hipster-blog
11 silly lifecycle tannerwest@1.0.0~start: Args: [ '-c', 'webpack-dev-server' ]
12 silly lifecycle tannerwest@1.0.0~start: Returned: code: 1  signal: null
13 info lifecycle tannerwest@1.0.0~start: Failed to exec start script
14 verbose stack Error: tannerwest@1.0.0 start: `webpack-dev-server`
14 verbose stack Exit status 1
14 verbose stack     at EventEmitter.<anonymous> (/usr/local/bin/node-v6.9.1-linux-x64/lib/node_modules/npm/lib/utils/lifecycle.js:255:16)
14 verbose stack     at emitTwo (events.js:106:13)
14 verbose stack     at EventEmitter.emit (events.js:191:7)
14 verbose stack     at ChildProcess.<anonymous> (/usr/local/bin/node-v6.9.1-linux-x64/lib/node_modules/npm/lib/utils/spawn.js:40:14)
14 verbose stack     at emitTwo (events.js:106:13)
14 verbose stack     at ChildProcess.emit (events.js:191:7)
14 verbose stack     at maybeClose (internal/child_process.js:877:16)
14 verbose stack     at Process.ChildProcess._handle.onexit (internal/child_process.js:226:5)
15 verbose pkgid tannerwest@1.0.0
16 verbose cwd /home/tanner/Projects/hipster-blog
17 error Linux 4.4.0-62-generic
18 error argv "/usr/local/bin/node-v6.9.1-linux-x64/bin/node" "/usr/local/bin/node-v6.9.1-linux-x64/bin/npm" "start"
19 error node v6.9.1
20 error npm  v3.10.8
21 error code ELIFECYCLE
22 error tannerwest@1.0.0 start: `webpack-dev-server`
22 error Exit status 1
23 error Failed at the tannerwest@1.0.0 start script 'webpack-dev-server'.
23 error Make sure you have the latest version of node.js and npm installed.
23 error If you do, this is most likely a problem with the tannerwest package,
23 error not with npm itself.
23 error Tell the author that this fails on your system:
23 error     webpack-dev-server
23 error You can get information on how to open an issue for this project with:
23 error     npm bugs tannerwest
23 error Or if that isn't available, you can get their info via:
23 error     npm owner ls tannerwest
23 error There is likely additional logging output above.
24 verbose exit [ 1, true ]
